{"level":"error","message":{"msg":"Internal Server error","sts":500},"timestamp":"2025-12-09T05:25:07.855Z"}
{"level":"error","message":{"msg":"Internal Server error","sts":500},"timestamp":"2025-12-09T05:26:41.915Z"}
{"level":"error","message":{"msg":"Internal Server error","sts":500},"timestamp":"2025-12-09T05:29:47.201Z"}
{"level":"error","message":{"msg":"Internal Server error","sts":500},"timestamp":"2025-12-09T05:32:10.355Z"}
{"level":"error","message":{"msg":"Internal Server error","sts":500},"timestamp":"2025-12-09T05:32:35.231Z"}
{"level":"error","message":{"msg":"Internal Server error","sts":500},"timestamp":"2025-12-09T05:34:51.308Z"}
{"level":"error","message":{"msg":"Internal Server error","sts":500},"timestamp":"2025-12-09T06:12:28.908Z"}
{"level":"error","message":{"msg":"Internal Server error","sts":500},"timestamp":"2025-12-09T06:12:48.968Z"}
{"level":"error","message":{"msg":"Internal Server error","sts":500},"timestamp":"2025-12-09T06:13:27.384Z"}
{"level":"error","message":{"msg":"Internal Server error","sts":500},"timestamp":"2025-12-09T06:14:36.320Z"}
{"level":"error","message":{"msg":"Internal Server error","sts":500},"timestamp":"2025-12-09T06:20:10.382Z"}
{"level":"error","message":"Catch block error in getEnv() Missing required environment variable: ","timestamp":"2025-12-09T06:39:05.025Z"}
{"level":"error","message":"Catch block error in getEnv() Missing required environment variable: ","timestamp":"2025-12-09T06:39:05.028Z"}
{"level":"error","message":"Catch block error in getEnv() Missing required environment variable: ","timestamp":"2025-12-09T06:39:05.029Z"}
{"level":"error","message":"Catch block error in getEnv() Missing required environment variable: ","timestamp":"2025-12-09T06:39:05.030Z"}
{"level":"error","message":{"msg":"Internal Server error","sts":500},"timestamp":"2025-12-09T09:56:53.064Z"}
{"level":"error","message":{"msg":"Internal Server error","sts":500},"timestamp":"2025-12-09T09:58:44.757Z"}
{"level":"error","message":{"msg":"Internal Server error","sts":500},"timestamp":"2025-12-09T10:06:51.857Z"}
{"level":"error","message":{"msg":"Internal Server error","sts":500},"timestamp":"2025-12-09T10:15:30.854Z"}
{"level":"error","message":{"msg":"Internal Server error","sts":500},"timestamp":"2025-12-09T10:16:39.545Z"}
{"level":"error","message":{"msg":"Internal Server error","sts":500},"timestamp":"2025-12-09T10:22:55.205Z"}
{"level":"error","message":{"msg":"Internal Server error","sts":500},"timestamp":"2025-12-09T10:24:45.774Z"}
{"level":"error","message":{"msg":"Internal Server error","sts":500},"timestamp":"2025-12-09T10:34:37.348Z"}
{"level":"error","message":{"msg":"Internal Server error","sts":500},"timestamp":"2025-12-09T10:40:24.468Z"}
{"level":"error","message":{"msg":"Internal Server error","sts":500},"timestamp":"2025-12-09T10:43:29.189Z"}
{"level":"error","message":{"msg":"Internal Server error","sts":500},"timestamp":"2025-12-09T11:01:55.550Z"}
{"level":"error","message":{"msg":"Internal Server error","sts":500},"timestamp":"2025-12-09T11:04:16.905Z"}
{"level":"error","message":{"msg":"Internal Server error","sts":500},"timestamp":"2025-12-09T11:05:39.289Z"}
{"level":"error","message":{"msg":"Internal Server error","sts":500},"timestamp":"2025-12-09T11:06:03.343Z"}
{"level":"error","message":{"msg":"Internal Server error","sts":500},"timestamp":"2025-12-09T11:07:45.650Z"}
{"level":"error","message":"Failed to store refresh token in Redis: REFRESH_TOKEN_TTL is not defined","timestamp":"2025-12-09T11:14:27.122Z"}
{"level":"error","message":{"msg":"Internal Server error","sts":500},"timestamp":"2025-12-09T11:14:27.889Z"}
{"level":"error","message":"Failed to store refresh token in Redis: REFRESH_TOKEN_TTL is not defined","timestamp":"2025-12-09T11:15:18.025Z"}
{"level":"error","message":{"msg":"Internal Server error","sts":500},"timestamp":"2025-12-09T11:15:20.449Z"}
{"level":"error","message":{"msg":"Internal Server error","sts":500},"timestamp":"2025-12-09T11:16:35.717Z"}
{"level":"error","message":{"msg":"Internal Server error","sts":500},"timestamp":"2025-12-09T11:17:16.364Z"}
{"level":"error","message":{"msg":"Internal Server error","sts":500},"timestamp":"2025-12-09T11:19:04.241Z"}
{"level":"error","message":"Redis Client Error: ERR wrong number of arguments for 'auth' command","timestamp":"2025-12-09T11:39:32.833Z"}
{"level":"error","message":"Redis Client Error: ERR wrong number of arguments for 'auth' command","timestamp":"2025-12-09T11:39:32.925Z"}
{"level":"error","message":"Redis Client Error: ERR wrong number of arguments for 'auth' command","timestamp":"2025-12-09T11:39:33.083Z"}
{"level":"error","message":"Redis Client Error: ERR wrong number of arguments for 'auth' command","timestamp":"2025-12-09T11:39:33.504Z"}
{"level":"error","message":"Redis Client Error: ERR wrong number of arguments for 'auth' command","timestamp":"2025-12-09T11:39:33.939Z"}
{"level":"error","message":"Redis Client Error: ERR wrong number of arguments for 'auth' command","timestamp":"2025-12-09T11:39:34.831Z"}
{"level":"error","message":"Redis Client Error: ERR wrong number of arguments for 'auth' command","timestamp":"2025-12-09T11:39:36.511Z"}
{"level":"error","message":"Redis Client Error: ERR wrong number of arguments for 'auth' command","timestamp":"2025-12-09T11:39:38.687Z"}
{"level":"error","message":"Redis Client Error: ERR wrong number of arguments for 'auth' command","timestamp":"2025-12-09T11:39:40.805Z"}
{"level":"error","message":"Redis Client Error: ERR wrong number of arguments for 'auth' command","timestamp":"2025-12-09T11:39:42.907Z"}
{"level":"error","message":"Redis Client Error: ERR wrong number of arguments for 'auth' command","timestamp":"2025-12-09T11:39:45.102Z"}
{"level":"error","message":"Redis Client Error: ERR wrong number of arguments for 'auth' command","timestamp":"2025-12-09T11:39:47.287Z"}
{"level":"error","message":"Redis Client Error: ERR wrong number of arguments for 'auth' command","timestamp":"2025-12-09T11:39:49.340Z"}
{"level":"error","message":"Redis Client Error: ERR wrong number of arguments for 'auth' command","timestamp":"2025-12-09T11:39:51.429Z"}
{"level":"error","message":"Redis Client Error: ERR wrong number of arguments for 'auth' command","timestamp":"2025-12-09T11:39:53.459Z"}
{"level":"error","message":"Redis Client Error: ERR wrong number of arguments for 'auth' command","timestamp":"2025-12-09T11:39:55.599Z"}
{"level":"error","message":"Redis Client Error: ERR wrong number of arguments for 'auth' command","timestamp":"2025-12-09T11:39:57.819Z"}
{"level":"error","message":"Redis Client Error: ERR wrong number of arguments for 'auth' command","timestamp":"2025-12-09T11:39:59.977Z"}
{"level":"error","message":"Redis Client Error: ERR wrong number of arguments for 'auth' command","timestamp":"2025-12-09T11:40:02.168Z"}
{"level":"error","message":"Redis Client Error: ERR wrong number of arguments for 'auth' command","timestamp":"2025-12-09T11:40:04.356Z"}
{"level":"error","message":"Redis Client Error: ERR wrong number of arguments for 'auth' command","timestamp":"2025-12-09T11:40:06.463Z"}
{"level":"error","message":"Redis Client Error: ERR wrong number of arguments for 'auth' command","timestamp":"2025-12-09T11:40:08.530Z"}
{"level":"error","message":"Redis Client Error: ERR wrong number of arguments for 'auth' command","timestamp":"2025-12-09T11:40:10.648Z"}
{"level":"error","message":"Redis Client Error: ERR wrong number of arguments for 'auth' command","timestamp":"2025-12-09T11:40:12.819Z"}
{"level":"error","message":"Redis Client Error: ERR wrong number of arguments for 'auth' command","timestamp":"2025-12-09T11:40:14.891Z"}
{"level":"error","message":"Redis Client Error: ERR wrong number of arguments for 'auth' command","timestamp":"2025-12-09T11:40:17.034Z"}
{"level":"error","message":"Redis Client Error: ERR wrong number of arguments for 'auth' command","timestamp":"2025-12-09T11:40:19.133Z"}
{"level":"error","message":"Redis Client Error: ERR wrong number of arguments for 'auth' command","timestamp":"2025-12-09T11:40:21.243Z"}
{"level":"error","message":"Redis Client Error: ERR wrong number of arguments for 'auth' command","timestamp":"2025-12-09T11:40:23.419Z"}
{"level":"error","message":"Redis Client Error: ERR wrong number of arguments for 'auth' command","timestamp":"2025-12-09T11:40:25.497Z"}
{"level":"error","message":"Redis Client Error: ERR wrong number of arguments for 'auth' command","timestamp":"2025-12-09T11:40:27.674Z"}
{"level":"error","message":"Redis Client Error: ERR wrong number of arguments for 'auth' command","timestamp":"2025-12-09T11:40:29.748Z"}
{"level":"error","message":"Redis Client Error: ERR wrong number of arguments for 'auth' command","timestamp":"2025-12-09T11:40:31.949Z"}
{"level":"error","message":"Redis Client Error: ERR wrong number of arguments for 'auth' command","timestamp":"2025-12-09T11:40:34.145Z"}
{"level":"error","message":"Redis Client Error: ERR wrong number of arguments for 'auth' command","timestamp":"2025-12-09T11:40:36.350Z"}
{"level":"error","message":"Redis Client Error: ERR wrong number of arguments for 'auth' command","timestamp":"2025-12-09T11:40:38.442Z"}
{"level":"error","message":"Redis Client Error: ERR wrong number of arguments for 'auth' command","timestamp":"2025-12-09T11:40:40.664Z"}
{"level":"error","message":"Redis Client Error: ERR wrong number of arguments for 'auth' command","timestamp":"2025-12-09T11:40:42.691Z"}
{"level":"error","message":"Redis Client Error: ERR wrong number of arguments for 'auth' command","timestamp":"2025-12-09T11:40:44.834Z"}
{"level":"error","message":"Redis Client Error: ERR wrong number of arguments for 'auth' command","timestamp":"2025-12-09T11:40:46.930Z"}
{"level":"error","message":"Redis Client Error: ERR wrong number of arguments for 'auth' command","timestamp":"2025-12-09T11:40:49.132Z"}
{"level":"error","message":"Redis Client Error: ERR wrong number of arguments for 'auth' command","timestamp":"2025-12-09T11:40:51.341Z"}
{"level":"error","message":"Redis Client Error: ERR wrong number of arguments for 'auth' command","timestamp":"2025-12-09T11:40:53.360Z"}
{"level":"error","message":"Redis Client Error: ERR wrong number of arguments for 'auth' command","timestamp":"2025-12-09T11:40:55.398Z"}
{"level":"error","message":"Redis Client Error: ERR wrong number of arguments for 'auth' command","timestamp":"2025-12-09T11:40:57.501Z"}
{"level":"error","message":"Redis Client Error: ERR wrong number of arguments for 'auth' command","timestamp":"2025-12-09T11:40:59.535Z"}
{"level":"error","message":"Redis Client Error: ERR wrong number of arguments for 'auth' command","timestamp":"2025-12-09T11:41:01.591Z"}
{"level":"error","message":"Redis Client Error: ERR wrong number of arguments for 'auth' command","timestamp":"2025-12-09T11:41:03.658Z"}
{"level":"error","message":"Redis Client Error: ERR wrong number of arguments for 'auth' command","timestamp":"2025-12-09T11:41:05.753Z"}
{"level":"error","message":"Redis Client Error: ERR wrong number of arguments for 'auth' command","timestamp":"2025-12-09T11:41:07.899Z"}
{"level":"error","message":"Redis Client Error: ERR wrong number of arguments for 'auth' command","timestamp":"2025-12-09T11:41:09.943Z"}
{"level":"error","message":"Redis Client Error: read ECONNRESET","timestamp":"2025-12-10T04:38:34.640Z"}
{"level":"error","message":"Redis Client Error: read ECONNRESET","timestamp":"2025-12-10T04:42:09.376Z"}
{"level":"error","message":"Redis Client Error: getaddrinfo ENOTFOUND redis-10022.c74.us-east-1-4.ec2.cloud.redislabs.com","timestamp":"2025-12-10T04:42:09.546Z"}
{"level":"error","message":"Redis Client Error: getaddrinfo ENOTFOUND redis-10022.c74.us-east-1-4.ec2.cloud.redislabs.com","timestamp":"2025-12-10T04:42:09.713Z"}
{"level":"error","message":"Redis Client Error: getaddrinfo ENOTFOUND redis-10022.c74.us-east-1-4.ec2.cloud.redislabs.com","timestamp":"2025-12-10T04:42:09.940Z"}
{"level":"error","message":"Redis Client Error: read ECONNRESET","timestamp":"2025-12-10T04:57:01.263Z"}
{"level":"error","message":"Failed to store refresh token in Redis: \"arguments[3]\" must be of type \"string | Buffer\", got object instead.","timestamp":"2025-12-10T06:48:50.903Z"}
{"level":"error","message":{"msg":"Internal Server error","sts":500},"timestamp":"2025-12-10T06:48:50.908Z"}
{"level":"error","message":{"msg":"Internal Server error","sts":500},"timestamp":"2025-12-10T09:48:26.671Z"}
{"level":"error","message":{"msg":"Internal Server error","sts":500},"timestamp":"2025-12-10T09:51:09.544Z"}
{"level":"error","message":"Redis Client Error: read ECONNRESET","timestamp":"2025-12-11T04:36:53.838Z"}
{"level":"error","message":"Redis Client Error: read ECONNRESET","timestamp":"2025-12-11T04:49:46.033Z"}
{"level":"error","message":"Redis Client Error: read ECONNRESET","timestamp":"2025-12-11T04:53:25.294Z"}
{"error":{},"level":"error","message":"Error in Catch of accessTokenValidatorMiddleware","timestamp":"2025-12-11T04:54:25.458Z"}
{"level":"error","message":{"msg":"Internal Server error","sts":500},"timestamp":"2025-12-11T04:54:25.471Z"}
{"error":{},"level":"error","message":"Error in Catch of accessTokenValidatorMiddleware","timestamp":"2025-12-11T04:58:16.486Z"}
{"level":"error","message":{"msg":"Internal Server error","sts":500},"timestamp":"2025-12-11T04:58:16.498Z"}
{"error":{"expiredAt":"2025-12-11T05:00:15.000Z","message":"jwt expired","name":"TokenExpiredError"},"level":"error","message":"Error verifying access-token JWT","timestamp":"2025-12-11T05:01:28.142Z"}
{"error":{"expiredAt":"2025-12-11T05:00:15.000Z","message":"jwt expired","name":"TokenExpiredError"},"level":"error","message":"Error verifying access-token JWT","timestamp":"2025-12-11T05:07:17.626Z"}
{"error":{"expiredAt":"2025-12-11T05:00:15.000Z","message":"jwt expired","name":"TokenExpiredError"},"level":"error","message":"Error verifying access-token JWT","timestamp":"2025-12-11T05:08:55.094Z"}
{"error":{"expiredAt":"2025-12-11T05:00:15.000Z","message":"jwt expired","name":"TokenExpiredError"},"level":"error","message":"Error verifying access-token JWT","timestamp":"2025-12-11T05:20:38.879Z"}
{"error":{"expiredAt":"2025-12-11T05:00:15.000Z","message":"jwt expired","name":"TokenExpiredError"},"level":"error","message":"Error verifying access-token JWT","timestamp":"2025-12-11T05:21:57.172Z"}
{"level":"error","message":{"msg":"Internal Server error","sts":500},"timestamp":"2025-12-11T06:04:42.531Z"}
{"error":{"expiredAt":"2025-12-11T06:08:27.000Z","message":"jwt expired","name":"TokenExpiredError"},"level":"error","message":"Error verifying access-token JWT","timestamp":"2025-12-11T06:11:44.494Z"}
{"error":{"expiredAt":"2025-12-11T06:16:12.000Z","message":"jwt expired","name":"TokenExpiredError"},"level":"error","message":"Error verifying access-token JWT","timestamp":"2025-12-11T06:18:44.639Z"}
{"error":{"expiredAt":"2025-12-11T06:30:11.000Z","message":"jwt expired","name":"TokenExpiredError"},"level":"error","message":"Error verifying access-token JWT","timestamp":"2025-12-11T06:31:36.594Z"}
{"error":{"expiredAt":"2025-12-11T06:31:49.000Z","message":"jwt expired","name":"TokenExpiredError"},"level":"error","message":"Error verifying access-token JWT","timestamp":"2025-12-11T06:42:45.470Z"}
{"error":{"expiredAt":"2025-12-11T06:43:31.000Z","message":"jwt expired","name":"TokenExpiredError"},"level":"error","message":"Error verifying access-token JWT","timestamp":"2025-12-11T07:09:38.812Z"}
{"error":{"expiredAt":"2025-12-11T07:10:22.000Z","message":"jwt expired","name":"TokenExpiredError"},"level":"error","message":"Error verifying access-token JWT","timestamp":"2025-12-11T07:10:36.698Z"}
{"error":{"expiredAt":"2025-12-11T08:16:54.000Z","message":"jwt expired","name":"TokenExpiredError"},"level":"error","message":"Error verifying access-token JWT","timestamp":"2025-12-11T08:26:41.873Z"}
{"error":{"expiredAt":"2025-12-11T08:31:57.000Z","message":"jwt expired","name":"TokenExpiredError"},"level":"error","message":"Error verifying access-token JWT","timestamp":"2025-12-11T08:34:09.064Z"}
{"error":{"expiredAt":"2025-12-11T08:32:02.000Z","message":"jwt expired","name":"TokenExpiredError"},"level":"error","message":"Error verifying access-token JWT","timestamp":"2025-12-11T08:37:31.880Z"}
{"error":{"expiredAt":"2025-12-11T08:32:06.000Z","message":"jwt expired","name":"TokenExpiredError"},"level":"error","message":"Error verifying access-token JWT","timestamp":"2025-12-11T08:43:19.740Z"}
{"error":{"expiredAt":"2025-12-11T08:38:24.000Z","message":"jwt expired","name":"TokenExpiredError"},"level":"error","message":"Error verifying access-token JWT","timestamp":"2025-12-11T08:46:12.503Z"}
{"error":{"expiredAt":"2025-12-11T08:49:05.000Z","message":"jwt expired","name":"TokenExpiredError"},"level":"error","message":"Error verifying access-token JWT","timestamp":"2025-12-11T08:51:35.896Z"}
{"error":{"expiredAt":"2025-12-11T08:49:05.000Z","message":"jwt expired","name":"TokenExpiredError"},"level":"error","message":"Error verifying access-token JWT","timestamp":"2025-12-11T08:53:21.991Z"}
{"error":{"expiredAt":"2025-12-11T08:49:05.000Z","message":"jwt expired","name":"TokenExpiredError"},"level":"error","message":"Error verifying access-token JWT","timestamp":"2025-12-11T09:09:59.531Z"}
{"error":{"expiredAt":"2025-12-11T08:49:05.000Z","message":"jwt expired","name":"TokenExpiredError"},"level":"error","message":"Error verifying access-token JWT","timestamp":"2025-12-11T09:11:24.899Z"}
{"error":{"expiredAt":"2025-12-11T08:49:05.000Z","message":"jwt expired","name":"TokenExpiredError"},"level":"error","message":"Error verifying access-token JWT","timestamp":"2025-12-11T09:12:31.995Z"}
{"error":{"expiredAt":"2025-12-11T08:49:05.000Z","message":"jwt expired","name":"TokenExpiredError"},"level":"error","message":"Error verifying access-token JWT","timestamp":"2025-12-11T09:13:16.519Z"}
{"error":{"expiredAt":"2025-12-11T08:49:05.000Z","message":"jwt expired","name":"TokenExpiredError"},"level":"error","message":"Error verifying access-token JWT","timestamp":"2025-12-11T09:15:37.750Z"}
{"error":{"expiredAt":"2025-12-11T08:49:05.000Z","message":"jwt expired","name":"TokenExpiredError"},"level":"error","message":"Error verifying access-token JWT","timestamp":"2025-12-11T09:16:08.679Z"}
{"error":{"expiredAt":"2025-12-11T08:49:05.000Z","message":"jwt expired","name":"TokenExpiredError"},"level":"error","message":"Error verifying access-token JWT","timestamp":"2025-12-11T09:16:56.435Z"}
{"error":{"expiredAt":"2025-12-11T08:49:05.000Z","message":"jwt expired","name":"TokenExpiredError"},"level":"error","message":"Error verifying access-token JWT","timestamp":"2025-12-11T09:22:42.085Z"}
{"error":{"expiredAt":"2025-12-11T08:49:05.000Z","message":"jwt expired","name":"TokenExpiredError"},"level":"error","message":"Error verifying access-token JWT","timestamp":"2025-12-11T09:32:59.711Z"}
{"error":{"expiredAt":"2025-12-11T08:49:05.000Z","message":"jwt expired","name":"TokenExpiredError"},"level":"error","message":"Error verifying access-token JWT","timestamp":"2025-12-11T09:34:12.780Z"}
{"error":{"expiredAt":"2025-12-11T08:49:05.000Z","message":"jwt expired","name":"TokenExpiredError"},"level":"error","message":"Error verifying access-token JWT","timestamp":"2025-12-11T09:34:55.226Z"}
{"error":{"expiredAt":"2025-12-11T08:49:05.000Z","message":"jwt expired","name":"TokenExpiredError"},"level":"error","message":"Error verifying access-token JWT","timestamp":"2025-12-11T09:35:05.373Z"}
{"error":{"expiredAt":"2025-12-11T08:49:05.000Z","message":"jwt expired","name":"TokenExpiredError"},"level":"error","message":"Error verifying access-token JWT","timestamp":"2025-12-11T09:37:22.402Z"}
{"error":{"expiredAt":"2025-12-11T08:49:05.000Z","message":"jwt expired","name":"TokenExpiredError"},"level":"error","message":"Error verifying access-token JWT","timestamp":"2025-12-11T09:37:44.822Z"}
{"error":{"expiredAt":"2025-12-11T08:49:05.000Z","message":"jwt expired","name":"TokenExpiredError"},"level":"error","message":"Error verifying access-token JWT","timestamp":"2025-12-11T09:52:12.106Z"}
{"error":{"expiredAt":"2025-12-11T09:53:48.000Z","message":"jwt expired","name":"TokenExpiredError"},"level":"error","message":"Error verifying access-token JWT","timestamp":"2025-12-11T10:00:10.123Z"}
{"level":"error","message":"Redis Client Error: read ECONNRESET","timestamp":"2025-12-11T10:02:11.508Z"}
{"level":"error","message":"Redis Client Error: getaddrinfo ENOTFOUND redis-10022.c74.us-east-1-4.ec2.cloud.redislabs.com","timestamp":"2025-12-11T10:02:11.582Z"}
{"level":"error","message":"Redis Client Error: read ECONNRESET","timestamp":"2025-12-11T10:03:38.617Z"}
{"level":"error","message":"Redis Client Error: getaddrinfo ENOTFOUND redis-10022.c74.us-east-1-4.ec2.cloud.redislabs.com","timestamp":"2025-12-11T10:03:38.708Z"}
{"level":"error","message":"Redis Client Error: read ECONNRESET","timestamp":"2025-12-11T11:50:34.728Z"}
{"level":"error","message":"Redis Client Error: getaddrinfo ENOTFOUND redis-10022.c74.us-east-1-4.ec2.cloud.redislabs.com","timestamp":"2025-12-11T11:50:34.802Z"}
{"level":"error","message":"Redis Client Error: read ECONNRESET","timestamp":"2025-12-12T02:14:41.127Z"}
{"level":"error","message":"Redis Client Error: getaddrinfo ENOTFOUND redis-10022.c74.us-east-1-4.ec2.cloud.redislabs.com","timestamp":"2025-12-12T02:14:41.463Z"}
{"level":"error","message":"Redis Client Error: getaddrinfo ENOTFOUND redis-10022.c74.us-east-1-4.ec2.cloud.redislabs.com","timestamp":"2025-12-12T02:14:41.928Z"}
{"level":"error","message":"Redis Client Error: Connection timeout","timestamp":"2025-12-12T02:14:47.315Z"}
{"level":"error","message":"Redis Client Error: read ECONNRESET","timestamp":"2025-12-12T02:21:54.536Z"}
{"error":{"expiredAt":"2025-12-15T09:27:41.000Z","message":"jwt expired","name":"TokenExpiredError"},"level":"error","message":"Error verifying access-token JWT","timestamp":"2025-12-15T09:33:04.114Z"}
{"error":{"expiredAt":"2025-12-15T09:46:10.000Z","message":"jwt expired","name":"TokenExpiredError"},"level":"error","message":"Error verifying access-token JWT","timestamp":"2025-12-15T09:48:30.254Z"}
{"error":{"expiredAt":"2025-12-15T09:50:40.000Z","message":"jwt expired","name":"TokenExpiredError"},"level":"error","message":"Error verifying access-token JWT","timestamp":"2025-12-15T09:51:44.091Z"}
{"error":{"expiredAt":"2025-12-15T09:50:40.000Z","message":"jwt expired","name":"TokenExpiredError"},"level":"error","message":"Error verifying access-token JWT","timestamp":"2025-12-15T09:51:44.095Z"}
{"error":{"expiredAt":"2025-12-15T09:50:40.000Z","message":"jwt expired","name":"TokenExpiredError"},"level":"error","message":"Error verifying access-token JWT","timestamp":"2025-12-15T09:51:44.105Z"}
{"error":{"expiredAt":"2025-12-15T09:50:40.000Z","message":"jwt expired","name":"TokenExpiredError"},"level":"error","message":"Error verifying access-token JWT","timestamp":"2025-12-15T09:51:44.110Z"}
{"error":{"expiredAt":"2025-12-15T09:54:11.000Z","message":"jwt expired","name":"TokenExpiredError"},"level":"error","message":"Error verifying access-token JWT","timestamp":"2025-12-15T09:54:47.022Z"}
{"error":{"expiredAt":"2025-12-15T09:54:11.000Z","message":"jwt expired","name":"TokenExpiredError"},"level":"error","message":"Error verifying access-token JWT","timestamp":"2025-12-15T09:54:47.033Z"}
{"error":{"expiredAt":"2025-12-15T09:54:11.000Z","message":"jwt expired","name":"TokenExpiredError"},"level":"error","message":"Error verifying access-token JWT","timestamp":"2025-12-15T09:54:47.044Z"}
{"error":{"expiredAt":"2025-12-15T09:54:11.000Z","message":"jwt expired","name":"TokenExpiredError"},"level":"error","message":"Error verifying access-token JWT","timestamp":"2025-12-15T09:54:47.053Z"}
{"error":{"expiredAt":"2025-12-15T10:11:57.000Z","message":"jwt expired","name":"TokenExpiredError"},"level":"error","message":"Error verifying access-token JWT","timestamp":"2025-12-15T10:12:51.262Z"}
{"error":{"expiredAt":"2025-12-15T10:11:57.000Z","message":"jwt expired","name":"TokenExpiredError"},"level":"error","message":"Error verifying access-token JWT","timestamp":"2025-12-15T10:12:51.266Z"}
{"error":{"expiredAt":"2025-12-15T10:11:57.000Z","message":"jwt expired","name":"TokenExpiredError"},"level":"error","message":"Error verifying access-token JWT","timestamp":"2025-12-15T10:12:51.272Z"}
{"error":{"expiredAt":"2025-12-15T10:11:57.000Z","message":"jwt expired","name":"TokenExpiredError"},"level":"error","message":"Error verifying access-token JWT","timestamp":"2025-12-15T10:12:51.279Z"}
{"error":{"expiredAt":"2025-12-15T10:15:54.000Z","message":"jwt expired","name":"TokenExpiredError"},"level":"error","message":"Error verifying access-token JWT","timestamp":"2025-12-15T10:17:36.612Z"}
{"error":{"expiredAt":"2025-12-15T10:15:54.000Z","message":"jwt expired","name":"TokenExpiredError"},"level":"error","message":"Error verifying access-token JWT","timestamp":"2025-12-15T10:17:36.615Z"}
{"error":{"expiredAt":"2025-12-15T10:15:54.000Z","message":"jwt expired","name":"TokenExpiredError"},"level":"error","message":"Error verifying access-token JWT","timestamp":"2025-12-15T10:17:36.624Z"}
{"error":{"expiredAt":"2025-12-15T10:15:54.000Z","message":"jwt expired","name":"TokenExpiredError"},"level":"error","message":"Error verifying access-token JWT","timestamp":"2025-12-15T10:17:36.659Z"}
{"error":{"expiredAt":"2025-12-15T10:22:58.000Z","message":"jwt expired","name":"TokenExpiredError"},"level":"error","message":"Error verifying access-token JWT","timestamp":"2025-12-15T10:23:15.328Z"}
{"error":{"expiredAt":"2025-12-15T10:22:58.000Z","message":"jwt expired","name":"TokenExpiredError"},"level":"error","message":"Error verifying access-token JWT","timestamp":"2025-12-15T10:23:15.334Z"}
{"error":{"expiredAt":"2025-12-15T10:22:58.000Z","message":"jwt expired","name":"TokenExpiredError"},"level":"error","message":"Error verifying access-token JWT","timestamp":"2025-12-15T10:23:15.342Z"}
{"error":{"expiredAt":"2025-12-15T10:22:58.000Z","message":"jwt expired","name":"TokenExpiredError"},"level":"error","message":"Error verifying access-token JWT","timestamp":"2025-12-15T10:23:15.349Z"}
{"error":{"expiredAt":"2025-12-15T10:56:42.000Z","message":"jwt expired","name":"TokenExpiredError"},"level":"error","message":"Error verifying access-token JWT","timestamp":"2025-12-15T10:58:00.250Z"}
{"error":{"expiredAt":"2025-12-15T10:56:42.000Z","message":"jwt expired","name":"TokenExpiredError"},"level":"error","message":"Error verifying access-token JWT","timestamp":"2025-12-15T10:58:00.258Z"}
{"error":{"expiredAt":"2025-12-15T10:56:42.000Z","message":"jwt expired","name":"TokenExpiredError"},"level":"error","message":"Error verifying access-token JWT","timestamp":"2025-12-15T10:58:00.267Z"}
{"error":{"expiredAt":"2025-12-15T11:01:39.000Z","message":"jwt expired","name":"TokenExpiredError"},"level":"error","message":"Error verifying access-token JWT","timestamp":"2025-12-15T11:03:59.605Z"}
{"error":{"expiredAt":"2025-12-15T11:01:39.000Z","message":"jwt expired","name":"TokenExpiredError"},"level":"error","message":"Error verifying access-token JWT","timestamp":"2025-12-15T11:03:59.611Z"}
{"error":{"expiredAt":"2025-12-15T11:01:39.000Z","message":"jwt expired","name":"TokenExpiredError"},"level":"error","message":"Error verifying access-token JWT","timestamp":"2025-12-15T11:03:59.616Z"}
{"error":{"expiredAt":"2025-12-15T11:09:40.000Z","message":"jwt expired","name":"TokenExpiredError"},"level":"error","message":"Error verifying access-token JWT","timestamp":"2025-12-15T11:10:22.060Z"}
{"error":{"expiredAt":"2025-12-15T11:09:40.000Z","message":"jwt expired","name":"TokenExpiredError"},"level":"error","message":"Error verifying access-token JWT","timestamp":"2025-12-15T11:10:22.152Z"}
{"error":{"expiredAt":"2025-12-15T11:09:40.000Z","message":"jwt expired","name":"TokenExpiredError"},"level":"error","message":"Error verifying access-token JWT","timestamp":"2025-12-15T11:10:22.165Z"}
{"error":{"expiredAt":"2025-12-15T11:33:17.000Z","message":"jwt expired","name":"TokenExpiredError"},"level":"error","message":"Error verifying access-token JWT","timestamp":"2025-12-15T11:33:57.677Z"}
{"error":{"expiredAt":"2025-12-15T11:33:17.000Z","message":"jwt expired","name":"TokenExpiredError"},"level":"error","message":"Error verifying access-token JWT","timestamp":"2025-12-15T11:33:57.734Z"}
{"error":{"expiredAt":"2025-12-15T11:33:17.000Z","message":"jwt expired","name":"TokenExpiredError"},"level":"error","message":"Error verifying access-token JWT","timestamp":"2025-12-15T11:33:57.743Z"}
